<?xml version="1.0" encoding="UTF-8"?>
<testsuite xmlns:xsi="http://www.w3.org/2001/XMLSchema-instance" xsi:noNamespaceSchemaLocation="https://maven.apache.org/surefire/maven-surefire-plugin/xsd/surefire-test-report.xsd" name="topan_i18n.CurrencyTest" time="1.985" tests="3" errors="0" skipped="0" failures="0">
  <properties>
[...]
</properties>
  <testcase name="testCheckAllAvailableCurrency" classname="topan_i18n.CurrencyTest" time="1.938"/>
  <testcase name="testCurrencyIDN" classname="topan_i18n.CurrencyTest" time="0.015"/>
  <testcase name="testCurrencyUSA" classname="topan_i18n.CurrencyTest" time="0"/>
</testsuite>